"E:/Unreal Projects/SpaceZombies/Content/AiCharacters/Tasks/Focus_On_Player.uasset" 0
"E:/Unreal Projects/SpaceZombies/Content/AiCharacters/Focus_On_Player.uasset" 1
"E:/Unreal Projects/SpaceZombies/Content/AiCharacters/Tasks/GoToUser.uasset" 2
"E:/Unreal Projects/SpaceZombies/Content/AiCharacters/GoToUser.uasset" 3
"E:/Unreal Projects/SpaceZombies/Content/Mannequin/Character/Mesh/UE4_Mannequin_Skeleton.uasset" 4
"E:/Unreal Projects/SpaceZombies/Content/Mannequin/Animations/ThirdPerson_Jump.uasset" 5
"E:/Unreal Projects/SpaceZombies/Content/Mannequin/Animations/ThirdPersonJump_Loop.uasset" 6
"E:/Unreal Projects/SpaceZombies/Content/Mannequin/Animations/ThirdPersonJump_Start.uasset" 7
"E:/Unreal Projects/SpaceZombies/Content/Mannequin/Animations/ThirdPersonIdle.uasset" 8
"E:/Unreal Projects/SpaceZombies/Content/Mannequin/Animations/ThirdPersonRun.uasset" 9
"E:/Unreal Projects/SpaceZombies/Content/Mannequin/Animations/ThirdPersonWalk.uasset" 10
"E:/Unreal Projects/SpaceZombies/Content/Mannequin/Animations/ThirdPerson_IdleRun_2D.uasset" 11
"../../../Engine/Content/EditorBlueprintResources/StandardMacros.uasset" 12
"E:/Unreal Projects/SpaceZombies/Content/Mannequin/Animations/ThirdPerson_AnimBP.uasset" 13
"E:/Unreal Projects/SpaceZombies/Content/AiCharacters/ZombieBlackboard.uasset" 14
"E:/Unreal Projects/SpaceZombies/Content/AiCharacters/Tasks/JumpBack.uasset" 15
"E:/Unreal Projects/SpaceZombies/Content/AiCharacters/ZombieTree.uasset" 16
"E:/Unreal Projects/SpaceZombies/Content/FirstPerson/Character/Mesh/SK_Mannequin_Arms_Skeleton.uasset" 17
"E:/Unreal Projects/SpaceZombies/Content/FirstPerson/Animations/FirstPerson_Idle.uasset" 18
"E:/Unreal Projects/SpaceZombies/Content/FirstPerson/Animations/FirstPerson_JumpEnd.uasset" 19
"E:/Unreal Projects/SpaceZombies/Content/FirstPerson/Animations/FirstPerson_JumpLoop.uasset" 20
"E:/Unreal Projects/SpaceZombies/Content/FirstPerson/Animations/FirstPerson_JumpStart.uasset" 21
"E:/Unreal Projects/SpaceZombies/Content/FirstPerson/Animations/FirstPerson_Run.uasset" 22
"E:/Unreal Projects/SpaceZombies/Content/FirstPerson/Animations/FirstPerson_AnimBP.uasset" 23
"E:/Unreal Projects/SpaceZombies/Content/Steph/playerCharacterTest.uasset" 24
"E:/Unreal Projects/SpaceZombies/Content/Steph/testProjectileMatBlue.uasset" 25
"../../../Engine/Content/Functions/Engine_MaterialFunctions01/Opacity/CameraDepthFade.uasset" 26
"../../../Engine/Content/EngineMaterials/T_Default_Material_Grid_M.uasset" 27
"../../../Engine/Content/EngineMaterials/T_Default_Material_Grid_N.uasset" 28
"../../../Engine/Content/EngineMaterials/DefaultMaterial.uasset" 29
"../../../Engine/Content/BasicShapes/Sphere.uasset" 30
"E:/Unreal Projects/SpaceZombies/Content/Steph/Projectiles/RevolverProjectileBlue.uasset" 31
"E:/Unreal Projects/SpaceZombies/Content/Steph/testProjectileMatRed.uasset" 32
"E:/Unreal Projects/SpaceZombies/Content/Steph/Projectiles/RevolverProjectileRed.uasset" 33
"E:/Unreal Projects/SpaceZombies/Content/Steph/testProjectileMatGreen.uasset" 34
"E:/Unreal Projects/SpaceZombies/Content/Steph/Projectiles/RifleProjectileGreen.uasset" 35
"E:/Unreal Projects/SpaceZombies/Content/Steph/Projectiles/ShotgunProjectileBlue.uasset" 36
"../../../Engine/Content/BasicShapes/BasicShapeMaterial.uasset" 37
"../../../Engine/Content/Functions/Engine_MaterialFunctions02/Utility/BlendAngleCorrectedNormals.uasset" 38
"../../../Engine/Content/Functions/MaterialLayerFunctions/MatLayerBlend_NormalBlend.uasset" 39
"../../../Engine/Content/Functions/MaterialLayerFunctions/MatLayerBlend_Simple.uasset" 40
"E:/Unreal Projects/SpaceZombies/Content/Mannequin/Character/Materials/MaterialLayers/T_ML_Rubber_Blue_01_D.uasset" 41
"E:/Unreal Projects/SpaceZombies/Content/Mannequin/Character/Materials/MaterialLayers/T_ML_Rubber_Blue_01_N.uasset" 42
"E:/Unreal Projects/SpaceZombies/Content/Mannequin/Character/Materials/MaterialLayers/ML_GlossyBlack_Latex_UE4.uasset" 43
"E:/Unreal Projects/SpaceZombies/Content/Mannequin/Character/Materials/MaterialLayers/ML_Plastic_Shiny_Beige.uasset" 44
"E:/Unreal Projects/SpaceZombies/Content/Mannequin/Character/Textures/UE4_LOGO_CARD.uasset" 45
"E:/Unreal Projects/SpaceZombies/Content/Mannequin/Character/Materials/MaterialLayers/ML_Plastic_Shiny_Beige_LOGO.uasset" 46
"E:/Unreal Projects/SpaceZombies/Content/Mannequin/Character/Materials/MaterialLayers/T_ML_Aluminum01.uasset" 47
"E:/Unreal Projects/SpaceZombies/Content/Mannequin/Character/Materials/MaterialLayers/T_ML_Aluminum01_N.uasset" 48
"E:/Unreal Projects/SpaceZombies/Content/Mannequin/Character/Materials/MaterialLayers/ML_SoftMetal_UE4.uasset" 49
"E:/Unreal Projects/SpaceZombies/Content/Mannequin/Character/Textures/UE4_Mannequin__normals.uasset" 50
"E:/Unreal Projects/SpaceZombies/Content/Mannequin/Character/Textures/UE4_Mannequin_MAT_MASKA.uasset" 51
"E:/Unreal Projects/SpaceZombies/Content/AiCharacters/BlueElemental.uasset" 52
"E:/Unreal Projects/SpaceZombies/Content/AiCharacters/GreenElemental.uasset" 53
"E:/Unreal Projects/SpaceZombies/Content/AiCharacters/RedElemental.uasset" 54
"E:/Unreal Projects/SpaceZombies/Content/PlayerCharacters/Weapons/Revolver/Emmissives/Gun_Blue_Emissive.uasset" 55
"E:/Unreal Projects/SpaceZombies/Content/PlayerCharacters/Weapons/Revolver/Textures/Gun_BaseColor.uasset" 56
"E:/Unreal Projects/SpaceZombies/Content/PlayerCharacters/Weapons/Revolver/Textures/Gun_Normal.uasset" 57
"E:/Unreal Projects/SpaceZombies/Content/PlayerCharacters/Weapons/Revolver/Textures/Gun_OcclusionRoughnessMetallic.uasset" 58
"E:/Unreal Projects/SpaceZombies/Content/PlayerCharacters/Weapons/Revolver/RevolverBlue.uasset" 59
"E:/Unreal Projects/SpaceZombies/Content/PlayerCharacters/Weapons/Revolver/Emmissives/Gun_Green_Emissive.uasset" 60
"E:/Unreal Projects/SpaceZombies/Content/PlayerCharacters/Weapons/Revolver/RevolverGreen.uasset" 61
"E:/Unreal Projects/SpaceZombies/Content/PlayerCharacters/Weapons/Revolver/Emmissives/Gun_Red_Gun_Emissive.uasset" 62
"E:/Unreal Projects/SpaceZombies/Content/PlayerCharacters/Weapons/Revolver/RevolverRed.uasset" 63
"E:/Unreal Projects/SpaceZombies/Content/PlayerCharacters/Weapons/Shotgun/Emmisives/SM_Shtogun_BlueMemmise.uasset" 64
"E:/Unreal Projects/SpaceZombies/Content/PlayerCharacters/Weapons/Shotgun/Textures/M_Shotgun_BC.uasset" 65
"E:/Unreal Projects/SpaceZombies/Content/PlayerCharacters/Weapons/Shotgun/Textures/M_Shotgun_N.uasset" 66
"E:/Unreal Projects/SpaceZombies/Content/PlayerCharacters/Weapons/Shotgun/Textures/M_Shotgun_ORM.uasset" 67
"E:/Unreal Projects/SpaceZombies/Content/PlayerCharacters/Weapons/Shotgun/ShotgunBlue.uasset" 68
"E:/Unreal Projects/SpaceZombies/Content/PlayerCharacters/Weapons/Shotgun/Emmisives/M_Shotgun_E.uasset" 69
"E:/Unreal Projects/SpaceZombies/Content/PlayerCharacters/Weapons/Shotgun/ShotgunGreen.uasset" 70
"E:/Unreal Projects/SpaceZombies/Content/PlayerCharacters/Weapons/Shotgun/Emmisives/SM_Shotgun_EmissiveRed.uasset" 71
"E:/Unreal Projects/SpaceZombies/Content/PlayerCharacters/Weapons/Shotgun/ShotgunRed.uasset" 72
"../../../Engine/Content/EngineMaterials/WorldGridMaterial.uasset" 73
"../../../Engine/Content/BasicShapes/Cube.uasset" 74
"../../../Engine/Content/VREditor/Sounds/VR_click1.uasset" 75
"../../../Engine/Content/VREditor/Sounds/VR_click3.uasset" 76
"E:/Unreal Projects/SpaceZombies/Content/FirstPerson/Character/Materials/MaterialLayers/T_ML_Rubber_Blue_01_D.uasset" 77
"E:/Unreal Projects/SpaceZombies/Content/FirstPerson/Character/Materials/MaterialLayers/T_ML_Rubber_Blue_01_N.uasset" 78
"E:/Unreal Projects/SpaceZombies/Content/FirstPerson/Character/Materials/MaterialLayers/ML_GlossyBlack_Latex_UE4.uasset" 79
"E:/Unreal Projects/SpaceZombies/Content/FirstPerson/Character/Materials/MaterialLayers/ML_Plastic_Shiny_Beige.uasset" 80
"E:/Unreal Projects/SpaceZombies/Content/FirstPerson/Character/Textures/UE4_LOGO_CARD.uasset" 81
"E:/Unreal Projects/SpaceZombies/Content/FirstPerson/Character/Materials/MaterialLayers/ML_Plastic_Shiny_Beige_LOGO.uasset" 82
"E:/Unreal Projects/SpaceZombies/Content/FirstPerson/Character/Materials/MaterialLayers/T_ML_Aluminum01.uasset" 83
"E:/Unreal Projects/SpaceZombies/Content/FirstPerson/Character/Materials/MaterialLayers/T_ML_Aluminum01_N.uasset" 84
"E:/Unreal Projects/SpaceZombies/Content/FirstPerson/Character/Materials/MaterialLayers/ML_SoftMetal_UE4.uasset" 85
"E:/Unreal Projects/SpaceZombies/Content/FirstPerson/Character/Textures/UE4_Mannequin__normals.uasset" 86
"E:/Unreal Projects/SpaceZombies/Content/FirstPerson/Character/Textures/UE4_Mannequin_MAT_MASKA.uasset" 87
"E:/Unreal Projects/SpaceZombies/Content/FirstPerson/Character/Materials/M_UE4Man_Body.uasset" 88
"E:/Unreal Projects/SpaceZombies/Content/FirstPerson/Character/Mesh/SK_Mannequin_Arms_PhysicsAsset.uasset" 89
"E:/Unreal Projects/SpaceZombies/Content/FirstPerson/Character/Mesh/SK_Mannequin_Arms.uasset" 90
"E:/Unreal Projects/SpaceZombies/Content/PlayerCharacters/Element.uasset" 91
"E:/Unreal Projects/SpaceZombies/Content/PlayerCharacters/RifleWav.uasset" 92
"E:/Unreal Projects/SpaceZombies/Content/PlayerCharacters/Weapon.uasset" 93
"E:/Unreal Projects/SpaceZombies/Content/PlayerCharacters/Weapons/PlaceholderSounds/GunshotASingle.uasset" 94
"E:/Unreal Projects/SpaceZombies/Content/PlayerCharacters/Weapons/Revolver/SM_revolver.uasset" 95
"E:/Unreal Projects/SpaceZombies/Content/PlayerCharacters/Weapons/Shotgun/SM_Shtogun.uasset" 96
"E:/Unreal Projects/SpaceZombies/Content/PlayerCharacters/Weapons/lambert3.uasset" 97
"E:/Unreal Projects/SpaceZombies/Content/PlayerCharacters/Weapons/SM_dawnblade.uasset" 98
"E:/Unreal Projects/SpaceZombies/Content/PlayerCharacters/Weapons/lambert2.uasset" 99
"E:/Unreal Projects/SpaceZombies/Content/PlayerCharacters/Weapons/SM_sandstorm.uasset" 100
"E:/Unreal Projects/SpaceZombies/Content/AIspawn/Spawn1a.uasset" 101
"E:/Unreal Projects/SpaceZombies/Content/AIspawn/Spawn1B.uasset" 102
"E:/Unreal Projects/SpaceZombies/Content/AIspawn/Spawn1C.uasset" 103
"E:/Unreal Projects/SpaceZombies/Content/AIspawn/Spawn1D.uasset" 104
"../../../Engine/Content/EditorMaterials/Cascade/CASC_CurveEd.uasset" 105
"../../../Engine/Content/EditorMaterials/Cascade/CASC_CurveEd_MAT.uasset" 106
"../../../Engine/Content/EditorMaterials/Cascade/CASC_ModuleDisable.uasset" 107
"../../../Engine/Content/EditorMaterials/Cascade/CASC_ModuleDisable_MAT.uasset" 108
"../../../Engine/Content/EditorMaterials/Cascade/CASC_Normal.uasset" 109
"../../../Engine/Content/EditorMaterials/Cascade/CASC_RenderNormal_MAT.uasset" 110
"../../../Engine/Content/MapTemplates/Materials/BasicAsset02.uasset" 111
"E:/Unreal Projects/SpaceZombies/Content/TempAudio/Button_Sound_15.uasset" 112
"E:/Unreal Projects/SpaceZombies/Content/TempAudio/Triplet_Accept_Button.uasset" 113
"E:/Unreal Projects/SpaceZombies/Content/TempAudio/Warm_Digital_Accept_Button.uasset" 114
"E:/Unreal Projects/SpaceZombies/Content/TempAudio/Warm_Digital_Accept_Button_HP.uasset" 115
"E:/Unreal Projects/SpaceZombies/Content/ResupplyStation.uasset" 116
"../../../Engine/Content/VREditor/Sounds/UI/Teleport_Mode_Entered.uasset" 117
"E:/Unreal Projects/SpaceZombies/Content/AIspawn/CommandSpawners.uasset" 118
"E:/Unreal Projects/SpaceZombies/Content/Steph/HUD.uasset" 119
"E:/Unreal Projects/SpaceZombies/Content/TempAudio/Click_Electronic_03.uasset" 120
"E:/Unreal Projects/SpaceZombies/Content/TempAudio/Reloading2.uasset" 121
"E:/Unreal Projects/SpaceZombies/Content/PlayerCharacters/TomCharacter.uasset" 122
"E:/Unreal Projects/SpaceZombies/Content/AiCharacters/ZombieController.uasset" 123
"E:/Unreal Projects/SpaceZombies/Content/Steph/Projectiles/RevolverProjectileGreen.uasset" 124
"E:/Unreal Projects/SpaceZombies/Content/Steph/Projectiles/RifleProjectileBlue.uasset" 125
"E:/Unreal Projects/SpaceZombies/Content/Steph/Projectiles/RifleProjectileRed.uasset" 126
"E:/Unreal Projects/SpaceZombies/Content/Steph/Projectiles/ShotgunProjectileGreen.uasset" 127
"E:/Unreal Projects/SpaceZombies/Content/Steph/Projectiles/ShotgunProjectileRed.uasset" 128
"E:/Unreal Projects/SpaceZombies/Content/AiCharacters/BasicZombie.uasset" 129
"../../../Engine/Content/VREditor/Sounds/UI/Object_PickUp.uasset" 130
"E:/Unreal Projects/SpaceZombies/Content/Mannequin/Character/Materials/M_UE4Man_Body.uasset" 131
"E:/Unreal Projects/SpaceZombies/Content/Mannequin/Character/Textures/UE4Man_Logo_N.uasset" 132
"E:/Unreal Projects/SpaceZombies/Content/Mannequin/Character/Materials/M_UE4Man_ChestLogo.uasset" 133
"E:/Unreal Projects/SpaceZombies/Content/Mannequin/Character/Mesh/SK_Mannequin_PhysicsAsset.uasset" 134
"E:/Unreal Projects/SpaceZombies/Content/Mannequin/Character/Mesh/SK_Mannequin.uasset" 135
"E:/Unreal Projects/SpaceZombies/Content/AiCharacters/BlueZombie.uasset" 136
"E:/Unreal Projects/SpaceZombies/Content/AiCharacters/Zombie.uasset" 137
"E:/Unreal Projects/SpaceZombies/Content/AiCharacters/Services/Service_Fast_Movement.uasset" 138
"E:/Unreal Projects/SpaceZombies/Content/AiCharacters/Services/Service_Slow_Movement.uasset" 139
"E:/Unreal Projects/SpaceZombies/Content/AiCharacters/Tasks/ClearFocus.uasset" 140
"E:/Unreal Projects/SpaceZombies/Content/AiCharacters/Tasks/Roaming.uasset" 141
"E:/Unreal Projects/SpaceZombies/Content/AiCharacters/Tasks/Roaming_Near.uasset" 142
"E:/Unreal Projects/SpaceZombies/Content/AIspawn/AISpawnBox2.uasset" 143
"E:/Unreal Projects/SpaceZombies/Content/AIspawn/TestSpawnBox.uasset" 144
"E:/Unreal Projects/SpaceZombies/Content/Assets/GeneratorLightA.uasset" 145
"E:/Unreal Projects/SpaceZombies/Content/Assets/Textures/tex_revolver/Gun_BaseColor.uasset" 146
"E:/Unreal Projects/SpaceZombies/Content/Assets/Textures/tex_revolver/Gun_Blue_Emissive.uasset" 147
"E:/Unreal Projects/SpaceZombies/Content/Assets/Textures/tex_revolver/Gun_Normal.uasset" 148
"E:/Unreal Projects/SpaceZombies/Content/Assets/Textures/tex_revolver/Gun_OcclusionRoughnessMetallic.uasset" 149
"E:/Unreal Projects/SpaceZombies/Content/Assets/Materials/m_revolver/m_revolver.uasset" 150
"E:/Unreal Projects/SpaceZombies/Content/Assets/Textures/tex_trimSheetGray/LP_trim_lambert1_Emissive.uasset" 151
"E:/Unreal Projects/SpaceZombies/Content/Assets/Textures/tex_trimSheetGreen/LP_trim_lambert1_Emissive.uasset" 152
"E:/Unreal Projects/SpaceZombies/Content/Assets/Textures/tex_trimSheetGreyGreen/LP_trim_lambert1_Emissive.uasset" 153
"E:/Unreal Projects/SpaceZombies/Content/Audio/ambient_Sound.uasset" 154
"E:/Unreal Projects/SpaceZombies/Content/Audio/AudioBoxTempo.uasset" 155
"E:/Unreal Projects/SpaceZombies/Content/BasicMeshes/Meshes/RampMaterial.uasset" 156
"E:/Unreal Projects/SpaceZombies/Content/BasicMeshes/Meshes/Bump_StaticMesh.uasset" 157
"E:/Unreal Projects/SpaceZombies/Content/BasicMeshes/Meshes/LeftArm_StaticMesh.uasset" 158
"E:/Unreal Projects/SpaceZombies/Content/BasicMeshes/Meshes/Linear_Stair_StaticMesh.uasset" 159
"E:/Unreal Projects/SpaceZombies/Content/BasicMeshes/Meshes/Ramp_StaticMesh.uasset" 160
"E:/Unreal Projects/SpaceZombies/Content/BasicMeshes/Meshes/RightArm_StaticMesh.uasset" 161
"E:/Unreal Projects/SpaceZombies/Content/StarterContent/Textures/T_Perlin_Noise_M.uasset" 162
"E:/Unreal Projects/SpaceZombies/Content/StarterContent/Textures/T_Water_N.uasset" 163
"E:/Unreal Projects/SpaceZombies/Content/StarterContent/Materials/M_Water_Lake.uasset" 164
"../../../Engine/Content/EditorSounds/Notifications/CompileFailed.uasset" 165
"../../../Engine/Content/EditorSounds/Notifications/CompileSuccess.uasset" 166
"E:/Unreal Projects/SpaceZombies/Content/DoorSystem/DoorB1main.uasset" 167
"E:/Unreal Projects/SpaceZombies/Content/DoorSystem/DoorA.uasset" 168
"../../../Engine/Content/EngineMaterials/DefaultWhiteGrid.uasset" 169
"../../../Engine/Content/EngineDebugMaterials/MAT_LevelColorationLitLightmapUV.uasset" 170
"E:/Unreal Projects/SpaceZombies/Content/DoorSystem/DoorB2open.uasset" 171
"E:/Unreal Projects/SpaceZombies/Content/FirstPerson/Animations/FirstPerson_Fire.uasset" 172
"E:/Unreal Projects/SpaceZombies/Content/FirstPerson/Animations/FirstPersonFire_Montage.uasset" 173
"E:/Unreal Projects/SpaceZombies/Content/FirstPerson/Character/Mesh/FirstPersonAnimBlueprint_Copy.uasset" 174
"E:/Unreal Projects/SpaceZombies/Content/PlayerCharacters/TomController.uasset" 175
"E:/Unreal Projects/SpaceZombies/Content/GameRuntime/GameMode.uasset" 176
"E:/Unreal Projects/SpaceZombies/Content/Geometry/Meshes/CubeMaterial.uasset" 177
"E:/Unreal Projects/SpaceZombies/Content/Geometry/Meshes/1M_Cube.uasset" 178
"E:/Unreal Projects/SpaceZombies/Content/Geometry/Meshes/1M_Cube_Chamfer.uasset" 179
"E:/Unreal Projects/SpaceZombies/Content/Geometry/Meshes/TemplateFloor.uasset" 180
"E:/Unreal Projects/SpaceZombies/Content/Mannequin/Animations/ThirdPersonJump_End.uasset" 181
"E:/Unreal Projects/SpaceZombies/Content/PlayerCharacters/TestDummy.uasset" 182
"E:/Unreal Projects/SpaceZombies/Content/StarterContent/Materials/M_Basic_Wall.uasset" 183
"E:/Unreal Projects/SpaceZombies/Content/StarterContent/Architecture/Pillar_50x500.uasset" 184
"E:/Unreal Projects/SpaceZombies/Content/StarterContent/Architecture/Wall_400x300.uasset" 185
"E:/Unreal Projects/SpaceZombies/Content/StarterContent/Architecture/Wall_400x400.uasset" 186
"E:/Unreal Projects/SpaceZombies/Content/StarterContent/Architecture/Wall_500x500.uasset" 187
"E:/Unreal Projects/SpaceZombies/Content/StarterContent/Architecture/Wall_Door_400x400.uasset" 188
"E:/Unreal Projects/SpaceZombies/Content/StarterContent/Architecture/Wall_Window_400x400.uasset" 189
"E:/Unreal Projects/SpaceZombies/Content/StarterContent/Audio/Collapse01.uasset" 190
"E:/Unreal Projects/SpaceZombies/Content/StarterContent/Audio/Collapse02.uasset" 191
"E:/Unreal Projects/SpaceZombies/Content/StarterContent/Audio/Explosion01.uasset" 192
"E:/Unreal Projects/SpaceZombies/Content/StarterContent/Audio/Explosion02.uasset" 193
"E:/Unreal Projects/SpaceZombies/Content/StarterContent/Audio/Fire01.uasset" 194
"E:/Unreal Projects/SpaceZombies/Content/StarterContent/Audio/Fire_Sparks01.uasset" 195
"E:/Unreal Projects/SpaceZombies/Content/StarterContent/Audio/Light01.uasset" 196
"E:/Unreal Projects/SpaceZombies/Content/StarterContent/Audio/Light01_Cue.uasset" 197
"E:/Unreal Projects/SpaceZombies/Content/StarterContent/Audio/Light02.uasset" 198
"E:/Unreal Projects/SpaceZombies/Content/StarterContent/Audio/Light02_Cue.uasset" 199
"E:/Unreal Projects/SpaceZombies/Content/StarterContent/Audio/Smoke01.uasset" 200
"E:/Unreal Projects/SpaceZombies/Content/StarterContent/Audio/Starter_Birds01.uasset" 201
"E:/Unreal Projects/SpaceZombies/Content/StarterContent/Audio/Starter_Music01.uasset" 202
"E:/Unreal Projects/SpaceZombies/Content/StarterContent/Audio/Starter_Wind05.uasset" 203
"E:/Unreal Projects/SpaceZombies/Content/StarterContent/Audio/Starter_Wind06.uasset" 204
"E:/Unreal Projects/SpaceZombies/Content/StarterContent/Audio/Steam01.uasset" 205
"E:/Unreal Projects/SpaceZombies/Content/StarterContent/Audio/Explosion_Cue.uasset" 206
"E:/Unreal Projects/SpaceZombies/Content/StarterContent/Textures/T_Burst_M.uasset" 207
"E:/Unreal Projects/SpaceZombies/Content/StarterContent/Particles/Materials/M_Burst.uasset" 208
"E:/Unreal Projects/SpaceZombies/Content/StarterContent/Textures/T_Explosion_SubUV.uasset" 209
"E:/Unreal Projects/SpaceZombies/Content/StarterContent/Particles/Materials/M_explosion_subUV.uasset" 210
"E:/Unreal Projects/SpaceZombies/Content/StarterContent/Particles/Materials/m_flare_01.uasset" 211
"../../../Engine/Content/Functions/Engine_MaterialFunctions01/Gradient/RadialGradient.uasset" 212
"E:/Unreal Projects/SpaceZombies/Content/StarterContent/Particles/Materials/M_radial_ramp.uasset" 213
"E:/Unreal Projects/SpaceZombies/Content/StarterContent/Textures/T_Smoke_SubUV.uasset" 214
"E:/Unreal Projects/SpaceZombies/Content/StarterContent/Textures/T_Smoke_Tiled_D.uasset" 215
"E:/Unreal Projects/SpaceZombies/Content/StarterContent/Particles/Materials/M_smoke_subUV.uasset" 216
"E:/Unreal Projects/SpaceZombies/Content/StarterContent/Particles/P_Explosion.uasset" 217
"E:/Unreal Projects/SpaceZombies/Content/StarterContent/Blueprints/Blueprint_Effect_Explosion.uasset" 218
"../../../Engine/Content/EditorMeshes/ColorCalibrator/T_ColorGrid.uasset" 219
"E:/Unreal Projects/SpaceZombies/Content/StarterContent/Materials/M_ColorGrid_LowSpec.uasset" 220
"E:/Unreal Projects/SpaceZombies/Content/StarterContent/Textures/T_Bush_D.uasset" 221
"E:/Unreal Projects/SpaceZombies/Content/StarterContent/Textures/T_Bush_N.uasset" 222
"E:/Unreal Projects/SpaceZombies/Content/StarterContent/Props/Materials/M_Bush.uasset" 223
"E:/Unreal Projects/SpaceZombies/Content/StarterContent/Props/SM_Bush.uasset" 224
"E:/Unreal Projects/SpaceZombies/Content/StarterContent/Textures/T_Chair_M.uasset" 225
"E:/Unreal Projects/SpaceZombies/Content/StarterContent/Textures/T_Chair_N.uasset" 226
"E:/Unreal Projects/SpaceZombies/Content/StarterContent/Props/Materials/M_Chair.uasset" 227
"E:/Unreal Projects/SpaceZombies/Content/StarterContent/Props/SM_Couch.uasset" 228
"E:/Unreal Projects/SpaceZombies/Content/StarterContent/Materials/M_Glass.uasset" 229
"E:/Unreal Projects/SpaceZombies/Content/StarterContent/Textures/T_Door_M.uasset" 230
"E:/Unreal Projects/SpaceZombies/Content/StarterContent/Textures/T_Door_N.uasset" 231
"E:/Unreal Projects/SpaceZombies/Content/StarterContent/Props/Materials/M_Door.uasset" 232
"E:/Unreal Projects/SpaceZombies/Content/StarterContent/Props/SM_Door.uasset" 233
"E:/Unreal Projects/SpaceZombies/Content/StarterContent/Props/Materials/M_MaterialSphere.uasset" 234
"E:/Unreal Projects/SpaceZombies/Content/StarterContent/Props/Materials/M_MaterialSphere_Plain.uasset" 235
"E:/Unreal Projects/SpaceZombies/Content/StarterContent/Props/SM_MatPreviewMesh_02.uasset" 236
"E:/Unreal Projects/SpaceZombies/Content/StarterContent/Textures/T_Detail_Rocky_N.uasset" 237
"E:/Unreal Projects/SpaceZombies/Content/StarterContent/Textures/T_Rock_Basalt_D.uasset" 238
"E:/Unreal Projects/SpaceZombies/Content/StarterContent/Textures/T_RockMesh_M.uasset" 239
"E:/Unreal Projects/SpaceZombies/Content/StarterContent/Textures/T_RockMesh_N.uasset" 240
"E:/Unreal Projects/SpaceZombies/Content/StarterContent/Props/Materials/M_Rock.uasset" 241
"E:/Unreal Projects/SpaceZombies/Content/StarterContent/Props/SM_Rock.uasset" 242
"E:/Unreal Projects/SpaceZombies/Content/StarterContent/Textures/T_Shelf_M.uasset" 243
"E:/Unreal Projects/SpaceZombies/Content/StarterContent/Textures/T_Shelf_N.uasset" 244
"E:/Unreal Projects/SpaceZombies/Content/StarterContent/Props/Materials/M_Shelf.uasset" 245
"E:/Unreal Projects/SpaceZombies/Content/StarterContent/Props/SM_Shelf.uasset" 246
"E:/Unreal Projects/SpaceZombies/Content/StarterContent/Materials/M_Basic_Floor.uasset" 247
"E:/Unreal Projects/SpaceZombies/Content/StarterContent/Props/SM_Stairs.uasset" 248
"E:/Unreal Projects/SpaceZombies/Content/StarterContent/Shapes/Shape_Cone.uasset" 249
"E:/Unreal Projects/SpaceZombies/Content/StarterContent/Shapes/Shape_Cylinder.uasset" 250
"E:/Unreal Projects/SpaceZombies/Content/StarterContent/Shapes/Shape_NarrowCapsule.uasset" 251
"E:/Unreal Projects/SpaceZombies/Content/StarterContent/Shapes/Shape_Pipe.uasset" 252
"E:/Unreal Projects/SpaceZombies/Content/StarterContent/Shapes/Shape_Pipe_180.uasset" 253
"E:/Unreal Projects/SpaceZombies/Content/StarterContent/Shapes/Shape_Pipe_90.uasset" 254
"E:/Unreal Projects/SpaceZombies/Content/StarterContent/Shapes/Shape_Plane.uasset" 255
"E:/Unreal Projects/SpaceZombies/Content/StarterContent/Shapes/Shape_Torus.uasset" 256
"E:/Unreal Projects/SpaceZombies/Content/StarterContent/Shapes/Shape_Trim.uasset" 257
"E:/Unreal Projects/SpaceZombies/Content/StarterContent/Shapes/Shape_Trim_90_In.uasset" 258
"E:/Unreal Projects/SpaceZombies/Content/StarterContent/Shapes/Shape_Trim_90_Out.uasset" 259
"E:/Unreal Projects/SpaceZombies/Content/StarterContent/Shapes/Shape_TriPyramid.uasset" 260
"E:/Unreal Projects/SpaceZombies/Content/StarterContent/Shapes/Shape_Tube.uasset" 261
"E:/Unreal Projects/SpaceZombies/Content/StarterContent/Shapes/Shape_Wedge_A.uasset" 262
"E:/Unreal Projects/SpaceZombies/Content/StarterContent/Shapes/Shape_WideCapsule.uasset" 263
"E:/Unreal Projects/SpaceZombies/Content/Steph/ammoP.uasset" 264
"E:/Unreal Projects/SpaceZombies/Content/Steph/ammoR.uasset" 265
"E:/Unreal Projects/SpaceZombies/Content/Steph/ammoS.uasset" 266
"E:/Unreal Projects/SpaceZombies/Content/Steph/armourPickup.uasset" 267
"E:/Unreal Projects/SpaceZombies/Content/Steph/healthPickup.uasset" 268
"E:/Unreal Projects/SpaceZombies/Content/Steph/mainMenu.uasset" 269
"E:/Unreal Projects/SpaceZombies/Content/Steph/optionsMenu.uasset" 270
"E:/Unreal Projects/SpaceZombies/Content/Steph/testProjectileBlue.uasset" 271
"E:/Unreal Projects/SpaceZombies/Content/Steph/testProjectileGreen.uasset" 272
"E:/Unreal Projects/SpaceZombies/Content/Steph/testProjectileRed.uasset" 273
"E:/Unreal Projects/SpaceZombies/Content/Steph/ZombieSteph.uasset" 274
"E:/Unreal Projects/SpaceZombies/Content/TempAudio/Sound_Test_5.uasset" 275
"../../../Engine/Content/Animation/DefaultAnimBoneCompressionSettings.uasset" 276
"../../../Engine/Content/Animation/DefaultAnimCurveCompressionSettings.uasset" 277
"../../../Engine/Content/ArtTools/RenderToTexture/Meshes/S_1_Unit_Plane.uasset" 278
"../../../Engine/Content/BasicShapes/Cone.uasset" 279
"../../../Engine/Content/BasicShapes/Plane.uasset" 280
"../../../Engine/Content/EditorLandscapeResources/DataLayer.uasset" 281
"../../../Engine/Content/EditorMaterials/MAT_Groups_Toggle.uasset" 282
"../../../Engine/Content/EditorMaterials/MAT_Groups_Visibility.uasset" 283
"../../../Engine/Content/EditorMaterials/PreviewShadowIndicator.uasset" 284
"../../../Engine/Content/EditorMaterials/PreviewShadowIndicatorMaterial.uasset" 285
"../../../Engine/Content/EditorMaterials/MatineeGroups/MAT_ColorTrack.uasset" 286
"../../../Engine/Content/EditorMaterials/MatineeGroups/MAT_Groups_Anim.uasset" 287
"../../../Engine/Content/EditorMaterials/MatineeGroups/MAT_Groups_AudioMaster.uasset" 288
"../../../Engine/Content/EditorMaterials/MatineeGroups/MAT_Groups_Director.uasset" 289
"../../../Engine/Content/EditorMaterials/MatineeGroups/MAT_Groups_Event.uasset" 290
"../../../Engine/Content/EditorMaterials/MatineeGroups/MAT_Groups_Fade.uasset" 291
"../../../Engine/Content/EditorMaterials/MatineeGroups/MAT_Groups_Float.uasset" 292
"../../../Engine/Content/EditorMaterials/MatineeGroups/MAT_Groups_Move.uasset" 293
"../../../Engine/Content/EditorMaterials/MatineeGroups/MAT_Groups_Slomo.uasset" 294
"../../../Engine/Content/EditorMaterials/MatineeGroups/MAT_Groups_Sound.uasset" 295
"../../../Engine/Content/EditorMaterials/MatineeGroups/MAT_Groups_Vector.uasset" 296
"../../../Engine/Content/EditorMaterials/ParticleSystems/PSysThumbnail_NoImage.uasset" 297
"../../../Engine/Content/EditorMaterials/ParticleSystems/PSysThumbnail_OOD.uasset" 298
"../../../Engine/Content/EditorMaterials/Camera/CineMat.uasset" 299
"../../../Engine/Content/EditorMaterials/Camera/MI_CineMat_Rig.uasset" 300
"../../../Engine/Content/EditorMeshes/Camera/SM_CraneRig_Arm.uasset" 301
"../../../Engine/Content/EditorMeshes/Camera/SM_CraneRig_Base.uasset" 302
"../../../Engine/Content/EditorMeshes/Camera/SM_CraneRig_Body.uasset" 303
"../../../Engine/Content/EditorMeshes/Camera/SM_CraneRig_Mount.uasset" 304
"../../../Engine/Content/EditorMeshes/Camera/SM_RailRig_Mount.uasset" 305
"../../../Engine/Content/EditorMeshes/Camera/SM_RailRig_Track.uasset" 306
"../../../Engine/Content/EditorResources/BSPVertex.uasset" 307
"../../../Engine/Content/EditorResources/EmptyActor.uasset" 308
"../../../Engine/Content/EditorResources/S_Actor.uasset" 309
"../../../Engine/Content/EditorResources/S_Note.uasset" 310
"../../../Engine/Content/EditorResources/S_Solver.uasset" 311
"../../../Engine/Content/EditorResources/S_Trigger.uasset" 312
"../../../Engine/Content/EditorResources/AudioIcons/S_AudioComponent.uasset" 313
"../../../Engine/Content/EditorResources/AudioIcons/S_AudioComponent_AutoActivate.uasset" 314
"../../../Engine/Content/EditorResources/LightIcons/S_LightError.uasset" 315
"../../../Engine/Content/EditorResources/SequenceRecorder/Countdown.uasset" 316
"../../../Engine/Content/EditorResources/SequenceRecorder/RecordingIndicator.uasset" 317
"../../../Engine/Content/EditorSounds/Notifications/CompileFailed_Cue.uasset" 318
"../../../Engine/Content/EditorSounds/Notifications/CompileStart_Cue.uasset" 319
"../../../Engine/Content/EditorSounds/Notifications/CompileSuccess_Cue.uasset" 320
"../../../Engine/Content/EngineDamageTypes/DmgTypeBP_Environmental.uasset" 321
"../../../Engine/Content/EngineDebugMaterials/DebugEditorMaterial.uasset" 322
"../../../Engine/Content/EngineDebugMaterials/DebugMeshMaterial.uasset" 323
"../../../Engine/Content/EngineDebugMaterials/M_SimpleUnlitTranslucent.uasset" 324
"../../../Engine/Content/Functions/Engine_MaterialFunctions02/Utility/CameraDirectionVector.uasset" 325
"../../../Engine/Content/EngineDebugMaterials/VolumeToRender.uasset" 326
"../../../Engine/Content/EngineDebugMaterials/M_VolumeRenderSphereTracePP.uasset" 327
"../../../Engine/Content/EngineDebugMaterials/WireframeMaterial.uasset" 328
"../../../Engine/Content/EngineFonts/Faces/DroidSansFallback.uasset" 329
"../../../Engine/Content/EngineFonts/Faces/RobotoBold.uasset" 330
"../../../Engine/Content/EngineFonts/Faces/RobotoBoldItalic.uasset" 331
"../../../Engine/Content/EngineFonts/Faces/RobotoItalic.uasset" 332
"../../../Engine/Content/EngineFonts/Faces/RobotoLight.uasset" 333
"../../../Engine/Content/EngineFonts/Faces/RobotoRegular.uasset" 334
"../../../Engine/Content/EngineFonts/Roboto.uasset" 335
"../../../Engine/Content/EngineMaterials/BaseFlattenDiffuseMap.uasset" 336
"../../../Engine/Content/EngineMaterials/BaseFlattenEmissiveMap.uasset" 337
"../../../Engine/Content/EngineMaterials/BaseFlattenGrayscaleMap.uasset" 338
"../../../Engine/Content/EngineMaterials/BaseFlattenNormalMap.uasset" 339
"../../../Engine/Content/EngineMaterials/BaseFlattenMaterial.uasset" 340
"../../../Engine/Content/EngineMaterials/BlueNoise.uasset" 341
"../../../Engine/Content/EngineMaterials/DefaultBloomKernel.uasset" 342
"../../../Engine/Content/EngineMaterials/DefaultBokeh.uasset" 343
"../../../Engine/Content/EngineMaterials/DefaultDiffuse.uasset" 344
"../../../Engine/Content/EngineMaterials/DefaultDeferredDecalMaterial.uasset" 345
"../../../Engine/Content/EngineMaterials/DefaultLightFunctionMaterial.uasset" 346
"../../../Engine/Content/EngineMaterials/DefaultPhysicalMaterial.uasset" 347
"../../../Engine/Content/Functions/Engine_MaterialFunctions02/Utility/BreakOutFloat2Components.uasset" 348
"../../../Engine/Content/EngineMaterials/DefaultPostProcessMaterial.uasset" 349
"../../../Engine/Content/EngineFonts/RobotoDistanceField.uasset" 350
"../../../Engine/Content/EngineMaterials/DefaultTextMaterialOpaque.uasset" 351
"../../../Engine/Content/EngineMaterials/DefaultWhiteGrid_Low.uasset" 352
"../../../Engine/Content/EngineMaterials/EmissiveMeshMaterial.uasset" 353
"../../../Engine/Content/EngineMaterials/GizmoMaterial.uasset" 354
"../../../Engine/Content/EngineMaterials/Good64x64TilingNoiseHighFreq.uasset" 355
"../../../Engine/Content/EngineMaterials/MiniFont.uasset" 356
"../../../Engine/Content/EngineMaterials/InvalidLightmapSettings.uasset" 357
"../../../Engine/Content/EngineMaterials/M_InvalidLightmapSettings.uasset" 358
"../../../Engine/Content/Functions/Engine_MaterialFunctions02/WorldPositionOffset/CameraOffset.uasset" 359
"../../../Engine/Content/EngineMaterials/PhAT_JointLimitMaterial.uasset" 360
"../../../Engine/Content/EngineMaterials/PreintegratedSkinBRDF.uasset" 361
"../../../Engine/Content/EngineMaterials/RemoveSurfaceMaterial.uasset" 362
"../../../Engine/Content/EngineMaterials/WeightMapPlaceholderTexture.uasset" 363
"../../../Engine/Content/EngineResources/WhiteSquareTexture.uasset" 364
"../../../Engine/Content/EngineMaterials/Widget3DPassThrough.uasset" 365
"../../../Engine/Content/EngineMaterials/Widget3DPassThrough_Masked.uasset" 366
"../../../Engine/Content/EngineMaterials/Widget3DPassThrough_Opaque.uasset" 367
"../../../Engine/Content/EngineMaterials/Widget3DPassThrough_Masked_OneSided.uasset" 368
"../../../Engine/Content/EngineMaterials/Widget3DPassThrough_Opaque_OneSided.uasset" 369
"../../../Engine/Content/EngineMaterials/Widget3DPassThrough_Translucent.uasset" 370
"../../../Engine/Content/EngineMaterials/Widget3DPassThrough_Translucent_OneSided.uasset" 371
"../../../Engine/Content/EngineMeshes/Cylinder.uasset" 372
"../../../Engine/Content/EngineMeshes/Sphere.uasset" 373
"../../../Engine/Content/EngineResources/Black.uasset" 374
"../../../Engine/Content/EngineResources/DefaultTexture.uasset" 375
"../../../Engine/Content/EngineResources/DefaultTextureCube.uasset" 376
"../../../Engine/Content/EngineResources/DefaultVolumeTexture2D.uasset" 377
"../../../Engine/Content/EngineResources/DefaultVolumeTexture.uasset" 378
"../../../Engine/Content/EngineResources/GradientTexture0.uasset" 379
"../../../Engine/Content/EngineSounds/Master.uasset" 380
"../../../Engine/Content/Functions/Engine_MaterialFunctions01/Shading/ConvertFromDiffSpec.uasset" 381
"../../../Engine/Content/Functions/Engine_MaterialFunctions01/Shading/PowerToRoughness.uasset" 382
"../../../Engine/Content/Maps/Templates/Thumbnails/Default.uasset" 383
"../../../Engine/Content/Maps/Templates/Thumbnails/TimeOfDay.uasset" 384
"../../../Engine/Content/Maps/Templates/Thumbnails/VR-Basic.uasset" 385
"../../../Engine/Content/MobileResources/T_MobileControls_texture.uasset" 386
"../../../Engine/Content/MobileResources/T_MobileMenu2.uasset" 387
"../../../Engine/Content/MobileResources/HUD/AnalogHat.uasset" 388
"../../../Engine/Content/MobileResources/HUD/VirtualJoystick_Background.uasset" 389
"../../../Engine/Content/MobileResources/HUD/VirtualJoystick_Thumb.uasset" 390
"../../../Engine/Content/MobileResources/HUD/DefaultVirtualJoysticks.uasset" 391
"../../../Engine/Content/MobileResources/HUD/LeftVirtualJoystickOnly.uasset" 392
"../../../Engine/Content/MobileResources/HUD/MobileHUDButton1_off.uasset" 393
"../../../Engine/Content/MobileResources/HUD/MobileHUDButton1_on.uasset" 394
"../../../Engine/Content/MobileResources/HUD/MobileHUDButton2_off.uasset" 395
"../../../Engine/Content/MobileResources/HUD/MobileHUDButton2_on.uasset" 396
"../../../Engine/Content/MobileResources/HUD/MobileHUDButton3.uasset" 397
"../../../Engine/Content/MobileResources/HUD/MobileHUDButtonFire.uasset" 398
"../../../Engine/Content/MobileResources/HUD/MobileHUDDirectionPad.uasset" 399
"../../../Engine/Content/MobileResources/HUD/MobileHUDDirectionPad2.uasset" 400
"../../../Engine/Content/MobileResources/HUD/MobileHUDDirectionPad3.uasset" 401
"../../../Engine/Content/MobileResources/HUD/MobileHUDDirectionStick.uasset" 402
"../../../Engine/Content/MobileResources/HUD/T_Castle_ThumbstickInner.uasset" 403
"../../../Engine/Content/MobileResources/HUD/T_Castle_ThumbstickOutter.uasset" 404
"../../../Engine/Content/Tutorial/ContentIntroCurve.uasset" 405
"../../../Engine/Content/Tutorial/Basics/LevelEditorAttract.uasset" 406
"../../../Engine/Content/Tutorial/Basics/TutorialAssets/icon_tab_Levels_40x.uasset" 407
"../../../Engine/Content/Tutorial/Basics/LevelEditorOverview.uasset" 408
"../../../Engine/Content/Tutorial/Landscape/TutorialAssets/Landscape.uasset" 409
"../../../Engine/Content/Tutorial/Landscape/LandscapeWalkThrough.uasset" 410
"../../../Engine/Content/Tutorial/Landscape/Landscape_Manage_Mode.uasset" 411
"../../../Engine/Content/Tutorial/Landscape/Landscape_Painting_Mode.uasset" 412
"../../../Engine/Content/Tutorial/Landscape/Landscape_Sculpt_Mode.uasset" 413
"../../../Engine/Content/VREditor/LaserPointer/VR_LaserPower_01.uasset" 414
"../../../Engine/Content/VREditor/TransformGizmo/TransformGizmoMaterial.uasset" 415
"../../../Engine/Content/VREditor/TransformGizmo/TranslucentTransformGizmoMaterial.uasset" 416
"../../../Engine/Content/VREditor/TransformGizmo/BoundingBoxCorner.uasset" 417
"../../../Engine/Content/VREditor/TransformGizmo/BoundingBoxEdge.uasset" 418
"../../../Engine/Content/VREditor/TransformGizmo/PlaneTranslationHandle.uasset" 419
"../../../Engine/Content/VREditor/TransformGizmo/Main.uasset" 420
"../../../Engine/Content/VREditor/TransformGizmo/Xray.uasset" 421
"../../../Engine/Content/VREditor/TransformGizmo/SM_Sequencer_Key.uasset" 422
"../../../Engine/Content/VREditor/TransformGizmo/SM_Sequencer_Node.uasset" 423
"../../Plugins/2D/Paper2D/Content/PlaceholderTextures/DummySpriteTexture.uasset" 424
"../../Plugins/2D/Paper2D/Content/DummySprite.uasset" 425
"../../Plugins/2D/Paper2D/Content/DefaultPaperTerrainMaterial.uasset" 426
"../../Plugins/2D/Paper2D/Content/DefaultSpriteMaterial.uasset" 427
"../../Plugins/2D/Paper2D/Content/MaskedUnlitSpriteMaterial.uasset" 428
"../../Plugins/2D/Paper2D/Content/OpaqueUnlitSpriteMaterial.uasset" 429
"../../Plugins/FX/Niagara/Content/Enums/ENiagaraBooleanLogicOps.uasset" 430
"../../Plugins/FX/Niagara/Content/Enums/ENiagaraCoordinateSpace.uasset" 431
"../../Plugins/FX/Niagara/Content/Enums/ENiagaraExpansionMode.uasset" 432
"../../Plugins/FX/Niagara/Content/Enums/ENiagaraOrientationAxis.uasset" 433
"../../Plugins/FX/Niagara/Content/Enums/ENiagaraRandomnessMode.uasset" 434
"../../../Engine/Content/Functions/Engine_MaterialFunctions02/Utility/BreakOutFloat4Components.uasset" 435
"../../../Engine/Content/Functions/Engine_MaterialFunctions02/Utility/MakeFloat2.uasset" 436
"../../../Engine/Content/Functions/Engine_MaterialFunctions02/Utility/MakeFloat3.uasset" 437
"../../Plugins/Runtime/Oculus/OculusVR/Content/Materials/OculusMR_ChromaKey.uasset" 438
"../../Plugins/Runtime/Oculus/OculusVR/Content/Materials/OculusMR_ChromaKey_Lit.uasset" 439
"../../Plugins/Runtime/Oculus/OculusVR/Content/Materials/OculusMR_OpaqueColoredMaterial.uasset" 440
"../../Plugins/Runtime/Oculus/OculusVR/Content/Materials/OculusMR_WhiteMaterial.uasset" 441
"E:/Unreal Projects/SpaceZombies/Content/Steph/death.uasset" 442
"E:/Unreal Projects/SpaceZombies/Content/Steph/deathMenu.uasset" 443
"E:/Unreal Projects/SpaceZombies/Content/GameLevels/deathLvl.umap" 444
"E:/Unreal Projects/SpaceZombies/Content/GameLevels/Excavate_2_BuiltData.uasset" 445
"E:/Unreal Projects/SpaceZombies/Content/Assets/Textures/tex_barrel/BarrelForPaint_aiStandardSurface1_BaseColor.uasset" 446
"E:/Unreal Projects/SpaceZombies/Content/Assets/Textures/tex_barrel/BarrelForPaint_aiStandardSurface1_Normal.uasset" 447
"E:/Unreal Projects/SpaceZombies/Content/Assets/Textures/tex_barrel/BarrelForPaint_aiStandardSurface1_OcclusionRoughnessMetallic.uasset" 448
"E:/Unreal Projects/SpaceZombies/Content/Assets/Materials/m_barrel/m_barrel.uasset" 449
"E:/Unreal Projects/SpaceZombies/Content/Assets/Textures/tex_battery/BatteryNOTTEX_lambert1_BaseColor.uasset" 450
"E:/Unreal Projects/SpaceZombies/Content/Assets/Textures/tex_battery/BatteryNOTTEX_lambert1_Normal.uasset" 451
"E:/Unreal Projects/SpaceZombies/Content/Assets/Textures/tex_battery/BatteryNOTTEX_lambert1_OcclusionRoughnessMetallic.uasset" 452
"E:/Unreal Projects/SpaceZombies/Content/Assets/Materials/m_battery/m_battery.uasset" 453
"E:/Unreal Projects/SpaceZombies/Content/Assets/Textures/tex_generator/SM_Generator_lambert1_BaseColor.uasset" 454
"E:/Unreal Projects/SpaceZombies/Content/Assets/Textures/tex_generator/SM_Generator_lambert1_Emissive.uasset" 455
"E:/Unreal Projects/SpaceZombies/Content/Assets/Textures/tex_generator/SM_Generator_lambert1_Normal.uasset" 456
"E:/Unreal Projects/SpaceZombies/Content/Assets/Textures/tex_generator/SM_Generator_lambert1_OcclusionRoughnessMetallic.uasset" 457
"E:/Unreal Projects/SpaceZombies/Content/Assets/Materials/m_generator/m_generator.uasset" 458
"E:/Unreal Projects/SpaceZombies/Content/Assets/Textures/tex_monitors/tex_monitor1/Monitor_initialShadingGroup_BaseColor.uasset" 459
"E:/Unreal Projects/SpaceZombies/Content/Assets/Textures/tex_monitors/tex_monitor1/Monitor_initialShadingGroup_Normal.uasset" 460
"E:/Unreal Projects/SpaceZombies/Content/Assets/Textures/tex_monitors/tex_monitor1/Monitor_initialShadingGroup_OcclusionRoughnessMetallic.uasset" 461
"E:/Unreal Projects/SpaceZombies/Content/Assets/Materials/m_monitors/m_monitor1.uasset" 462
"E:/Unreal Projects/SpaceZombies/Content/Assets/Textures/tex_monitors/tex_monitor2/Monitor3_initialShadingGroup_BaseColor.uasset" 463
"E:/Unreal Projects/SpaceZombies/Content/Assets/Textures/tex_monitors/tex_monitor2/Monitor3_initialShadingGroup_Normal.uasset" 464
"E:/Unreal Projects/SpaceZombies/Content/Assets/Textures/tex_monitors/tex_monitor2/Monitor3_initialShadingGroup_OcclusionRoughnessMetallic.uasset" 465
"E:/Unreal Projects/SpaceZombies/Content/Assets/Materials/m_monitors/m_monitor2.uasset" 466
"E:/Unreal Projects/SpaceZombies/Content/Assets/Textures/tex_servers/Server_low_lambert1_BaseColor.uasset" 467
"E:/Unreal Projects/SpaceZombies/Content/Assets/Textures/tex_servers/Server_low_lambert1_Emissive.uasset" 468
"E:/Unreal Projects/SpaceZombies/Content/Assets/Textures/tex_servers/Server_low_lambert1_Normal.uasset" 469
"E:/Unreal Projects/SpaceZombies/Content/Assets/Textures/tex_servers/Server_low_lambert1_OcclusionRoughnessMetallic.uasset" 470
"E:/Unreal Projects/SpaceZombies/Content/Assets/Materials/m_server/m_server.uasset" 471
"E:/Unreal Projects/SpaceZombies/Content/Assets/Textures/tex_servers/tex_box/Serverbox_low_lambert1_BaseColor.uasset" 472
"E:/Unreal Projects/SpaceZombies/Content/Assets/Textures/tex_servers/tex_box/Serverbox_low_lambert1_Emissive.uasset" 473
"E:/Unreal Projects/SpaceZombies/Content/Assets/Textures/tex_servers/tex_box/Serverbox_low_lambert1_Normal.uasset" 474
"E:/Unreal Projects/SpaceZombies/Content/Assets/Textures/tex_servers/tex_box/Serverbox_low_lambert1_OcclusionRoughnessMetallic.uasset" 475
"E:/Unreal Projects/SpaceZombies/Content/Assets/Materials/m_server/m_serverBox.uasset" 476
"E:/Unreal Projects/SpaceZombies/Content/Assets/Textures/tex_emissive/tex_yellowEmissive.uasset" 477
"E:/Unreal Projects/SpaceZombies/Content/Assets/Textures/tex_trimSheetGray/LP_trim_lambert1_BaseColor.uasset" 478
"E:/Unreal Projects/SpaceZombies/Content/Assets/Textures/tex_trimSheetGray/LP_trim_lambert1_Normal.uasset" 479
"E:/Unreal Projects/SpaceZombies/Content/Assets/Textures/tex_trimSheetGray/LP_trim_lambert1_OcclusionRoughnessMetallic.uasset" 480
"E:/Unreal Projects/SpaceZombies/Content/Assets/Textures/tex_trimSheetShiny/lambert1_Opacity.uasset" 481
"E:/Unreal Projects/SpaceZombies/Content/Assets/Materials/m_trimSheet/m_trimSheet_gray.uasset" 482
"E:/Unreal Projects/SpaceZombies/Content/Assets/Textures/tex_emissive/tex_blueEmissive.uasset" 483
"E:/Unreal Projects/SpaceZombies/Content/Assets/Materials/m_trimSheet/m_trimSheet_grayBlueEmis.uasset" 484
"E:/Unreal Projects/SpaceZombies/Content/Assets/Textures/tex_trimSheetGreyGreen/LP_trim_lambert1_BaseColor.uasset" 485
"E:/Unreal Projects/SpaceZombies/Content/Assets/Textures/tex_trimSheetGreyGreen/LP_trim_lambert1_Normal.uasset" 486
"E:/Unreal Projects/SpaceZombies/Content/Assets/Textures/tex_trimSheetGreyGreen/LP_trim_lambert1_OcclusionRoughnessMetallic.uasset" 487
"E:/Unreal Projects/SpaceZombies/Content/Assets/Materials/m_trimSheet/m_trimSheet_graygreen.uasset" 488
"E:/Unreal Projects/SpaceZombies/Content/Assets/Materials/m_trimSheet/m_trimSheet_grayNoE.uasset" 489
"E:/Unreal Projects/SpaceZombies/Content/Assets/Textures/tex_emissive/tex_redEmissive.uasset" 490
"E:/Unreal Projects/SpaceZombies/Content/Assets/Materials/m_trimSheet/m_trimSheet_grayRedEmis.uasset" 491
"E:/Unreal Projects/SpaceZombies/Content/Assets/Textures/tex_trimSheetGreen/LP_trim_lambert1_BaseColor.uasset" 492
"E:/Unreal Projects/SpaceZombies/Content/Assets/Textures/tex_trimSheetGreen/LP_trim_lambert1_Normal.uasset" 493
"E:/Unreal Projects/SpaceZombies/Content/Assets/Textures/tex_trimSheetGreen/LP_trim_lambert1_OcclusionRoughnessMetallic.uasset" 494
"E:/Unreal Projects/SpaceZombies/Content/Assets/Materials/m_trimSheet/m_trimSheet_green.uasset" 495
"E:/Unreal Projects/SpaceZombies/Content/Assets/Meshes/Barrel/Barrel_Upscaled.uasset" 496
"E:/Unreal Projects/SpaceZombies/Content/Assets/Meshes/Battery/Battery_Upscaled.uasset" 497
"E:/Unreal Projects/SpaceZombies/Content/Assets/Meshes/Ceilings/PipeCeilings/SM_ceilingPipe4m.uasset" 498
"E:/Unreal Projects/SpaceZombies/Content/Assets/Meshes/Dividers/SM_girderConnector.uasset" 499
"E:/Unreal Projects/SpaceZombies/Content/Assets/Meshes/Dividers/SM_girderMain.uasset" 500
"E:/Unreal Projects/SpaceZombies/Content/Assets/Meshes/Dividers/SM_girderSide.uasset" 501
"E:/Unreal Projects/SpaceZombies/Content/Assets/Meshes/Dividers/SM_wallDividerPipe.uasset" 502
"E:/Unreal Projects/SpaceZombies/Content/Assets/Meshes/Doors/SM_door.uasset" 503
"E:/Unreal Projects/SpaceZombies/Content/Assets/Meshes/Doors/SM_doorway.uasset" 504
"E:/Unreal Projects/SpaceZombies/Content/Assets/Meshes/Fences/SM_fenceConnector.uasset" 505
"E:/Unreal Projects/SpaceZombies/Content/Assets/Meshes/Fences/SM_fenceTurnIn.uasset" 506
"E:/Unreal Projects/SpaceZombies/Content/Assets/Meshes/Fences/SM_fenceTurnOut.uasset" 507
"E:/Unreal Projects/SpaceZombies/Content/Assets/Meshes/Fences/SM_meshFloorFence.uasset" 508
"E:/Unreal Projects/SpaceZombies/Content/Assets/Meshes/Fences/SM_meshFloorFenceStair.uasset" 509
"E:/Unreal Projects/SpaceZombies/Content/Assets/Meshes/Floors/SM_panelFloorIncline.uasset" 510
"E:/Unreal Projects/SpaceZombies/Content/Assets/Meshes/Floors/SM_pipeFloor4m.uasset" 511
"E:/Unreal Projects/SpaceZombies/Content/Assets/Meshes/Floors/SM_pipeFloorFull4m.uasset" 512
"E:/Unreal Projects/SpaceZombies/Content/Assets/Meshes/Floors/SM_pipeFloorHalf4m.uasset" 513
"E:/Unreal Projects/SpaceZombies/Content/Assets/Meshes/Generator/SM_Generator.uasset" 514
"E:/Unreal Projects/SpaceZombies/Content/Assets/Meshes/MeshFloor/SM_meshFloor4M.uasset" 515
"E:/Unreal Projects/SpaceZombies/Content/Assets/Meshes/Monitors/Monitor_Upscaled_1.uasset" 516
"E:/Unreal Projects/SpaceZombies/Content/Assets/Meshes/Monitors/Monitor_Upscaled_2.uasset" 517
"E:/Unreal Projects/SpaceZombies/Content/Assets/Meshes/Pipes/SM_pipe120cmCorner.uasset" 518
"E:/Unreal Projects/SpaceZombies/Content/Assets/Meshes/Pipes/SM_pipe120cmD2ML.uasset" 519
"E:/Unreal Projects/SpaceZombies/Content/Assets/Meshes/Pipes/SM_pipe20cmD1ML.uasset" 520
"E:/Unreal Projects/SpaceZombies/Content/Assets/Meshes/Pipes/SM_pipe20cmD2ML.uasset" 521
"E:/Unreal Projects/SpaceZombies/Content/Assets/Meshes/Pipes/SM_pipe20cmDCornerLarge.uasset" 522
"E:/Unreal Projects/SpaceZombies/Content/Assets/Meshes/Pipes/SM_pipe20cmDCornerMedium.uasset" 523
"E:/Unreal Projects/SpaceZombies/Content/Assets/Meshes/Pipes/SM_pipe20cmDCornerSmall.uasset" 524
"E:/Unreal Projects/SpaceZombies/Content/Assets/Meshes/Pipes/SM_pipe4MD4ML.uasset" 525
"E:/Unreal Projects/SpaceZombies/Content/Assets/Meshes/Pipes/SM_pipe4MDCorner.uasset" 526
"E:/Unreal Projects/SpaceZombies/Content/Assets/Meshes/Pipes/SM_pipe4MDHalfCorner.uasset" 527
"E:/Unreal Projects/SpaceZombies/Content/Assets/Meshes/Pipes/SM_pipe80cmD1ML.uasset" 528
"E:/Unreal Projects/SpaceZombies/Content/Assets/Meshes/Pipes/SM_pipe80cmD2ML.uasset" 529
"E:/Unreal Projects/SpaceZombies/Content/Assets/Meshes/Pipes/SM_pipe80cmDCornerLarge.uasset" 530
"E:/Unreal Projects/SpaceZombies/Content/Assets/Meshes/Pipes/SM_pipe80cmDCornerSmall.uasset" 531
"E:/Unreal Projects/SpaceZombies/Content/Assets/Meshes/Servers/Server_Rough.uasset" 532
"E:/Unreal Projects/SpaceZombies/Content/Assets/Meshes/Stairs/SM_meshStair.uasset" 533
"E:/Unreal Projects/SpaceZombies/Content/Assets/Meshes/Stairs/SM_stairCollision.uasset" 534
"E:/Unreal Projects/SpaceZombies/Content/Assets/Meshes/Walls/SM_1panel.uasset" 535
"E:/Unreal Projects/SpaceZombies/Content/Assets/Meshes/Walls/SM_1panelInclineHigher.uasset" 536
"E:/Unreal Projects/SpaceZombies/Content/Assets/Meshes/Walls/SM_1panelInclineLower.uasset" 537
"E:/Unreal Projects/SpaceZombies/Content/Assets/Meshes/Walls/SM_2panel.uasset" 538
"E:/Unreal Projects/SpaceZombies/Content/Assets/Meshes/Walls/SM_4panel.uasset" 539
"E:/Unreal Projects/SpaceZombies/Content/Assets/Meshes/Walls/SM_cornerPanelIn.uasset" 540
"E:/Unreal Projects/SpaceZombies/Content/Assets/Meshes/Walls/SM_cornerPanelOut.uasset" 541
"E:/Unreal Projects/SpaceZombies/Content/Assets/Meshes/Walls/SM_pipeWall4m.uasset" 542
"E:/Unreal Projects/SpaceZombies/Content/Assets/Meshes/Walls/SM_wallCornerIn.uasset" 543
"E:/Unreal Projects/SpaceZombies/Content/Assets/Meshes/Walls/SM_wallCornerOut.uasset" 544
"E:/Unreal Projects/SpaceZombies/Content/Assets/Meshes/Walls/SM_wallIncline.uasset" 545
"E:/Unreal Projects/SpaceZombies/Content/Assets/Meshes/Walls/SM_wallLightSource.uasset" 546
"E:/Unreal Projects/SpaceZombies/Content/Assets/Meshes/Walls/SM_wallModular.uasset" 547
"E:/Unreal Projects/SpaceZombies/Content/GameLevels/Excavate_2.umap" 548
"../../../Engine/Content/EngineSky/C_Sky_Cloud_Color.uasset" 549
"../../../Engine/Content/EngineSky/C_Sky_Horizon_Color.uasset" 550
"../../../Engine/Content/EngineSky/C_Sky_Zenith_Color.uasset" 551
"../../../Engine/Content/EngineSky/T_Sky_Blue.uasset" 552
"../../../Engine/Content/EngineSky/T_Sky_Clouds_M.uasset" 553
"../../../Engine/Content/EngineSky/T_Sky_Stars.uasset" 554
"../../../Engine/Content/EngineSky/M_Sky_Panning_Clouds2.uasset" 555
"../../../Engine/Content/EngineSky/SM_SkySphere.uasset" 556
"../../../Engine/Content/EngineSky/BP_Sky_Sphere.uasset" 557
"E:/Unreal Projects/SpaceZombies/Content/GameLevels/Level_For_BA1_BuiltData.uasset" 558
"E:/Unreal Projects/SpaceZombies/Content/StarterContent/Materials/M_AssetPlatform.uasset" 559
"../../../Engine/Content/BasicShapes/Cylinder.uasset" 560
"E:/Unreal Projects/SpaceZombies/Content/StarterContent/Shapes/Shape_Wedge_B.uasset" 561
"E:/Unreal Projects/SpaceZombies/Content/GameLevels/Level_For_BA1.umap" 562
"E:/Unreal Projects/SpaceZombies/Content/GameLevels/menu.umap" 563
"E:/Unreal Projects/SpaceZombies/Content/Steph/TomCharacterHUD.uasset" 564
"E:/Unreal Projects/SpaceZombies/Content/PlayerCharacters/TomGamemode.uasset" 565
"E:/Unreal Projects/SpaceZombies/Content/GameLevels/TestLevel_BuiltData.uasset" 566
"../../../Engine/Content/ArtTools/RenderToTexture/Materials/M_BackgroundCard_01.uasset" 567
"E:/Unreal Projects/SpaceZombies/Content/StarterContent/Textures/T_Brick_Clay_New_D.uasset" 568
"E:/Unreal Projects/SpaceZombies/Content/StarterContent/Textures/T_Brick_Clay_New_M.uasset" 569
"E:/Unreal Projects/SpaceZombies/Content/StarterContent/Textures/T_Brick_Clay_New_N.uasset" 570
"E:/Unreal Projects/SpaceZombies/Content/StarterContent/Textures/T_MacroVariation.uasset" 571
"E:/Unreal Projects/SpaceZombies/Content/StarterContent/Materials/M_Brick_Clay_New.uasset" 572
"E:/Unreal Projects/SpaceZombies/Content/StarterContent/Textures/T_Concrete_Tiles_D.uasset" 573
"E:/Unreal Projects/SpaceZombies/Content/StarterContent/Textures/T_Concrete_Tiles_M.uasset" 574
"E:/Unreal Projects/SpaceZombies/Content/StarterContent/Textures/T_Concrete_Tiles_N.uasset" 575
"E:/Unreal Projects/SpaceZombies/Content/StarterContent/Textures/T_Concrete_Tiles_Variation_M.uasset" 576
"E:/Unreal Projects/SpaceZombies/Content/StarterContent/Materials/M_Concrete_Tiles.uasset" 577
"E:/Unreal Projects/SpaceZombies/Content/GameLevels/TestLevel.umap" 578
"E:/Unreal Projects/SpaceZombies/Content/StarterContent/Blueprints/Assets/FogBrightnessLUT.uasset" 579
"E:/Unreal Projects/SpaceZombies/Content/StarterContent/Blueprints/Assets/SunlightColorLUT.uasset" 580
"E:/Unreal Projects/SpaceZombies/Content/StarterContent/Blueprints/Assets/M_LightStage_Arrows.uasset" 581
"../../../Engine/Content/MapTemplates/Sky/DaylightAmbientCubemap.uasset" 582
"E:/Unreal Projects/SpaceZombies/Content/StarterContent/Blueprints/Assets/M_LightStage_Skybox_Master.uasset" 583
"E:/Unreal Projects/SpaceZombies/Content/StarterContent/Blueprints/Assets/M_LightStage_Skybox_Black.uasset" 584
"E:/Unreal Projects/SpaceZombies/Content/StarterContent/Blueprints/Assets/M_LightStage_Skybox_HDRI.uasset" 585
"../../../Engine/Content/EditorMaterials/Thumbnails/SkySphereMaterial.uasset" 586
"E:/Unreal Projects/SpaceZombies/Content/StarterContent/Blueprints/Assets/Skybox.uasset" 587
"E:/Unreal Projects/SpaceZombies/Content/StarterContent/Blueprints/Assets/SM_Arrows.uasset" 588
"E:/Unreal Projects/SpaceZombies/Content/StarterContent/HDRI/HDRI_Epic_Courtyard_Daylight.uasset" 589
"E:/Unreal Projects/SpaceZombies/Content/StarterContent/Blueprints/BP_LightStudio.uasset" 590
"E:/Unreal Projects/SpaceZombies/Content/StarterContent/Maps/Advanced_Lighting_BuiltData.uasset" 591
"../../../Engine/Content/EditorMeshes/ColorCalibrator/M_ChromeBall.uasset" 592
"../../../Engine/Content/EditorMeshes/ColorCalibrator/M_ClearCoat.uasset" 593
"../../../Engine/Content/EditorMeshes/ColorCalibrator/M_ClearCoatBlack.uasset" 594
"../../../Engine/Content/EditorMeshes/ColorCalibrator/Color_checker.uasset" 595
"../../../Engine/Content/EditorMeshes/ColorCalibrator/M_ColorGrid.uasset" 596
"../../../Engine/Content/EditorMeshes/ColorCalibrator/M_GreyBall.uasset" 597
"../../../Engine/Content/EditorMeshes/ColorCalibrator/SM_ColorCalibrator.uasset" 598
"E:/Unreal Projects/SpaceZombies/Content/StarterContent/Architecture/SM_AssetPlatform.uasset" 599
"E:/Unreal Projects/SpaceZombies/Content/StarterContent/Maps/Advanced_Lighting.umap" 600
"E:/Unreal Projects/SpaceZombies/Content/StarterContent/Maps/Minimal_Default_BuiltData.uasset" 601
"E:/Unreal Projects/SpaceZombies/Content/StarterContent/Materials/M_Metal_Brushed_Nickel.uasset" 602
"E:/Unreal Projects/SpaceZombies/Content/StarterContent/Textures/T_Metal_Aluminum_D.uasset" 603
"E:/Unreal Projects/SpaceZombies/Content/StarterContent/Textures/T_Metal_Gold_N.uasset" 604
"E:/Unreal Projects/SpaceZombies/Content/StarterContent/Materials/M_Metal_Burnished_Steel.uasset" 605
"E:/Unreal Projects/SpaceZombies/Content/StarterContent/Textures/T_Metal_Copper_D.uasset" 606
"E:/Unreal Projects/SpaceZombies/Content/StarterContent/Materials/M_Metal_Copper.uasset" 607
"E:/Unreal Projects/SpaceZombies/Content/StarterContent/Textures/T_Statue_M.uasset" 608
"E:/Unreal Projects/SpaceZombies/Content/StarterContent/Textures/T_Statue_N.uasset" 609
"E:/Unreal Projects/SpaceZombies/Content/StarterContent/Props/Materials/M_StatueGlass.uasset" 610
"E:/Unreal Projects/SpaceZombies/Content/StarterContent/Architecture/Floor_400x400.uasset" 611
"E:/Unreal Projects/SpaceZombies/Content/StarterContent/Audio/Starter_Background_Cue.uasset" 612
"E:/Unreal Projects/SpaceZombies/Content/StarterContent/Props/SM_Chair.uasset" 613
"E:/Unreal Projects/SpaceZombies/Content/StarterContent/Props/Materials/M_Statue.uasset" 614
"E:/Unreal Projects/SpaceZombies/Content/StarterContent/Props/SM_Statue.uasset" 615
"E:/Unreal Projects/SpaceZombies/Content/StarterContent/Textures/T_TableRound_M.uasset" 616
"E:/Unreal Projects/SpaceZombies/Content/StarterContent/Textures/T_TableRound_N.uasset" 617
"E:/Unreal Projects/SpaceZombies/Content/StarterContent/Props/Materials/M_TableRound.uasset" 618
"E:/Unreal Projects/SpaceZombies/Content/StarterContent/Props/SM_TableRound.uasset" 619
"E:/Unreal Projects/SpaceZombies/Content/StarterContent/Maps/Minimal_Default.umap" 620
"E:/Unreal Projects/SpaceZombies/Content/StarterContent/Audio/Fire01_Cue.uasset" 621
"E:/Unreal Projects/SpaceZombies/Content/StarterContent/Textures/T_Fire_SubUV.uasset" 622
"E:/Unreal Projects/SpaceZombies/Content/StarterContent/Textures/T_Fire_Tiled_D.uasset" 623
"E:/Unreal Projects/SpaceZombies/Content/StarterContent/Particles/Materials/M_Fire_SubUV.uasset" 624
"E:/Unreal Projects/SpaceZombies/Content/StarterContent/Particles/Materials/M_Heat_Distortion.uasset" 625
"E:/Unreal Projects/SpaceZombies/Content/StarterContent/Particles/Materials/M_Radial_Gradient.uasset" 626
"E:/Unreal Projects/SpaceZombies/Content/StarterContent/Particles/P_Fire.uasset" 627
"E:/Unreal Projects/SpaceZombies/Content/StarterContent/Blueprints/Blueprint_Effect_Fire.uasset" 628
"E:/Unreal Projects/SpaceZombies/Content/StarterContent/Audio/Smoke01_Cue.uasset" 629
"E:/Unreal Projects/SpaceZombies/Content/StarterContent/Particles/P_Smoke.uasset" 630
"E:/Unreal Projects/SpaceZombies/Content/StarterContent/Blueprints/Blueprint_Effect_Smoke.uasset" 631
"E:/Unreal Projects/SpaceZombies/Content/StarterContent/Audio/Fire_Sparks01_Cue.uasset" 632
"E:/Unreal Projects/SpaceZombies/Content/StarterContent/Textures/T_Spark_Core.uasset" 633
"E:/Unreal Projects/SpaceZombies/Content/StarterContent/Particles/Materials/M_Spark.uasset" 634
"E:/Unreal Projects/SpaceZombies/Content/StarterContent/Particles/P_Sparks.uasset" 635
"E:/Unreal Projects/SpaceZombies/Content/StarterContent/Blueprints/Blueprint_Effect_Sparks.uasset" 636
"E:/Unreal Projects/SpaceZombies/Content/StarterContent/Audio/Steam01_Cue.uasset" 637
"E:/Unreal Projects/SpaceZombies/Content/StarterContent/Particles/P_Steam_Lit.uasset" 638
"E:/Unreal Projects/SpaceZombies/Content/StarterContent/Blueprints/Blueprint_Effect_Steam.uasset" 639
"E:/Unreal Projects/SpaceZombies/Content/StarterContent/Textures/T_Lamp_M.uasset" 640
"E:/Unreal Projects/SpaceZombies/Content/StarterContent/Textures/T_Lamp_N.uasset" 641
"E:/Unreal Projects/SpaceZombies/Content/StarterContent/Props/Materials/M_Lamp.uasset" 642
"E:/Unreal Projects/SpaceZombies/Content/StarterContent/Props/SM_Lamp_Ceiling.uasset" 643
"E:/Unreal Projects/SpaceZombies/Content/StarterContent/Blueprints/Blueprint_CeilingLight.uasset" 644
"E:/Unreal Projects/SpaceZombies/Content/StarterContent/Props/SM_Lamp_Wall.uasset" 645
"E:/Unreal Projects/SpaceZombies/Content/StarterContent/Blueprints/Blueprint_WallSconce.uasset" 646
"E:/Unreal Projects/SpaceZombies/Content/StarterContent/Maps/StarterMap_BuiltData.uasset" 647
"../../../Engine/Content/Functions/Engine_MaterialFunctions03/Procedurals/ComputeFilterWidth.uasset" 648
"../../../Engine/Content/EngineMaterials/AntiAliasedTextMaterialTranslucent.uasset" 649
"E:/Unreal Projects/SpaceZombies/Content/StarterContent/Textures/T_Brick_Clay_Beveled_D.uasset" 650
"E:/Unreal Projects/SpaceZombies/Content/StarterContent/Textures/T_Brick_Clay_Beveled_M.uasset" 651
"E:/Unreal Projects/SpaceZombies/Content/StarterContent/Textures/T_Brick_Clay_Beveled_N.uasset" 652
"E:/Unreal Projects/SpaceZombies/Content/StarterContent/Materials/M_Brick_Clay_Beveled.uasset" 653
"E:/Unreal Projects/SpaceZombies/Content/StarterContent/Textures/T_Brick_Clay_Old_D.uasset" 654
"E:/Unreal Projects/SpaceZombies/Content/StarterContent/Textures/T_Brick_Clay_Old_N.uasset" 655
"E:/Unreal Projects/SpaceZombies/Content/StarterContent/Materials/M_Brick_Clay_Old.uasset" 656
"E:/Unreal Projects/SpaceZombies/Content/StarterContent/Textures/T_Brick_Cut_Stone_D.uasset" 657
"E:/Unreal Projects/SpaceZombies/Content/StarterContent/Textures/T_Brick_Cut_Stone_N.uasset" 658
"E:/Unreal Projects/SpaceZombies/Content/StarterContent/Materials/M_Brick_Cut_Stone.uasset" 659
"E:/Unreal Projects/SpaceZombies/Content/StarterContent/Textures/T_Brick_Hewn_Stone_D.uasset" 660
"E:/Unreal Projects/SpaceZombies/Content/StarterContent/Textures/T_Brick_Hewn_Stone_M.uasset" 661
"E:/Unreal Projects/SpaceZombies/Content/StarterContent/Textures/T_Brick_Hewn_Stone_N.uasset" 662
"E:/Unreal Projects/SpaceZombies/Content/StarterContent/Materials/M_Brick_Hewn_Stone.uasset" 663
"E:/Unreal Projects/SpaceZombies/Content/StarterContent/Textures/T_Ceramic_Tile_M.uasset" 664
"E:/Unreal Projects/SpaceZombies/Content/StarterContent/Textures/T_Ceramic_Tile_N.uasset" 665
"E:/Unreal Projects/SpaceZombies/Content/StarterContent/Textures/T_Rock_Marble_Polished_D.uasset" 666
"E:/Unreal Projects/SpaceZombies/Content/StarterContent/Materials/M_Ceramic_Tile_Checker.uasset" 667
"E:/Unreal Projects/SpaceZombies/Content/StarterContent/Textures/T_CobbleStone_Pebble_D.uasset" 668
"E:/Unreal Projects/SpaceZombies/Content/StarterContent/Textures/T_CobbleStone_Pebble_M.uasset" 669
"E:/Unreal Projects/SpaceZombies/Content/StarterContent/Textures/T_CobbleStone_Pebble_N.uasset" 670
"E:/Unreal Projects/SpaceZombies/Content/StarterContent/Materials/M_CobbleStone_Pebble.uasset" 671
"E:/Unreal Projects/SpaceZombies/Content/StarterContent/Textures/T_CobbleStone_Rough_D.uasset" 672
"E:/Unreal Projects/SpaceZombies/Content/StarterContent/Textures/T_CobbleStone_Rough_N.uasset" 673
"E:/Unreal Projects/SpaceZombies/Content/StarterContent/Textures/T_Gradinet_01.uasset" 674
"E:/Unreal Projects/SpaceZombies/Content/StarterContent/Textures/T_Rock_Smooth_Granite_D.uasset" 675
"E:/Unreal Projects/SpaceZombies/Content/StarterContent/Materials/M_CobbleStone_Rough.uasset" 676
"E:/Unreal Projects/SpaceZombies/Content/StarterContent/Textures/T_CobbleStone_Smooth_D.uasset" 677
"E:/Unreal Projects/SpaceZombies/Content/StarterContent/Textures/T_CobbleStone_Smooth_M.uasset" 678
"E:/Unreal Projects/SpaceZombies/Content/StarterContent/Textures/T_CobbleStone_Smooth_N.uasset" 679
"E:/Unreal Projects/SpaceZombies/Content/StarterContent/Materials/M_CobbleStone_Smooth.uasset" 680
"E:/Unreal Projects/SpaceZombies/Content/StarterContent/Textures/T_Concrete_Grime_D.uasset" 681
"E:/Unreal Projects/SpaceZombies/Content/StarterContent/Textures/T_Metal_Rust_N.uasset" 682
"E:/Unreal Projects/SpaceZombies/Content/StarterContent/Materials/M_Concrete_Grime.uasset" 683
"E:/Unreal Projects/SpaceZombies/Content/StarterContent/Textures/T_Concrete_Panels_D.uasset" 684
"E:/Unreal Projects/SpaceZombies/Content/StarterContent/Textures/T_Concrete_Panels_N.uasset" 685
"E:/Unreal Projects/SpaceZombies/Content/StarterContent/Materials/M_Concrete_Panels.uasset" 686
"E:/Unreal Projects/SpaceZombies/Content/StarterContent/Textures/T_Concrete_Poured_D.uasset" 687
"E:/Unreal Projects/SpaceZombies/Content/StarterContent/Textures/T_Concrete_Poured_N.uasset" 688
"E:/Unreal Projects/SpaceZombies/Content/StarterContent/Materials/M_Concrete_Poured.uasset" 689
"E:/Unreal Projects/SpaceZombies/Content/StarterContent/Textures/T_Ground_Grass_D.uasset" 690
"E:/Unreal Projects/SpaceZombies/Content/StarterContent/Textures/T_Ground_Grass_N.uasset" 691
"E:/Unreal Projects/SpaceZombies/Content/StarterContent/Materials/M_Ground_Grass.uasset" 692
"E:/Unreal Projects/SpaceZombies/Content/StarterContent/Textures/T_Ground_Gravel_D.uasset" 693
"E:/Unreal Projects/SpaceZombies/Content/StarterContent/Textures/T_Ground_Gravel_N.uasset" 694
"E:/Unreal Projects/SpaceZombies/Content/StarterContent/Materials/M_Ground_Gravel.uasset" 695
"E:/Unreal Projects/SpaceZombies/Content/StarterContent/Textures/T_ground_Moss_D.uasset" 696
"E:/Unreal Projects/SpaceZombies/Content/StarterContent/Textures/T_Ground_Moss_N.uasset" 697
"E:/Unreal Projects/SpaceZombies/Content/StarterContent/Materials/M_Ground_Moss.uasset" 698
"E:/Unreal Projects/SpaceZombies/Content/StarterContent/Materials/M_Metal_Chrome.uasset" 699
"E:/Unreal Projects/SpaceZombies/Content/StarterContent/Textures/T_Metal_Gold_D.uasset" 700
"E:/Unreal Projects/SpaceZombies/Content/StarterContent/Materials/M_Metal_Gold.uasset" 701
"E:/Unreal Projects/SpaceZombies/Content/StarterContent/Textures/T_Metal_Rust_D.uasset" 702
"E:/Unreal Projects/SpaceZombies/Content/StarterContent/Materials/M_Metal_Rust.uasset" 703
"E:/Unreal Projects/SpaceZombies/Content/StarterContent/Textures/T_Metal_Steel_D.uasset" 704
"E:/Unreal Projects/SpaceZombies/Content/StarterContent/Textures/T_Metal_Steel_N.uasset" 705
"E:/Unreal Projects/SpaceZombies/Content/StarterContent/Materials/M_Metal_Steel.uasset" 706
"E:/Unreal Projects/SpaceZombies/Content/StarterContent/Textures/T_Rock_Basalt_N.uasset" 707
"E:/Unreal Projects/SpaceZombies/Content/StarterContent/Materials/M_Rock_Basalt.uasset" 708
"E:/Unreal Projects/SpaceZombies/Content/StarterContent/Materials/M_Rock_Marble_Polished.uasset" 709
"E:/Unreal Projects/SpaceZombies/Content/StarterContent/Textures/T_Rock_Sandstone_D.uasset" 710
"E:/Unreal Projects/SpaceZombies/Content/StarterContent/Textures/T_Rock_Sandstone_N.uasset" 711
"E:/Unreal Projects/SpaceZombies/Content/StarterContent/Materials/M_Rock_Sandstone.uasset" 712
"E:/Unreal Projects/SpaceZombies/Content/StarterContent/Textures/T_Rock_Slate_D.uasset" 713
"E:/Unreal Projects/SpaceZombies/Content/StarterContent/Textures/T_Rock_Slate_N.uasset" 714
"E:/Unreal Projects/SpaceZombies/Content/StarterContent/Materials/M_Rock_Slate.uasset" 715
"E:/Unreal Projects/SpaceZombies/Content/StarterContent/Textures/T_Checker_Noise_M.uasset" 716
"E:/Unreal Projects/SpaceZombies/Content/StarterContent/Textures/T_Single_Tile_N.uasset" 717
"E:/Unreal Projects/SpaceZombies/Content/StarterContent/Textures/T_Tech_Dot_M.uasset" 718
"E:/Unreal Projects/SpaceZombies/Content/StarterContent/Textures/T_Tech_Dot_N.uasset" 719
"E:/Unreal Projects/SpaceZombies/Content/StarterContent/Materials/M_Tech_Checker_Dot.uasset" 720
"E:/Unreal Projects/SpaceZombies/Content/StarterContent/Textures/T_Tech_Hex_Tile_M.uasset" 721
"E:/Unreal Projects/SpaceZombies/Content/StarterContent/Textures/T_Tech_Hex_Tile_N.uasset" 722
"E:/Unreal Projects/SpaceZombies/Content/StarterContent/Materials/M_Tech_Hex_Tile.uasset" 723
"E:/Unreal Projects/SpaceZombies/Content/StarterContent/Materials/M_Tech_Hex_Tile_Pulse.uasset" 724
"E:/Unreal Projects/SpaceZombies/Content/StarterContent/Textures/T_Tech_Panel_M.uasset" 725
"E:/Unreal Projects/SpaceZombies/Content/StarterContent/Textures/T_Tech_Panel_N.uasset" 726
"E:/Unreal Projects/SpaceZombies/Content/StarterContent/Materials/M_Tech_Panel.uasset" 727
"E:/Unreal Projects/SpaceZombies/Content/StarterContent/Textures/T_Water_M.uasset" 728
"E:/Unreal Projects/SpaceZombies/Content/StarterContent/Materials/M_Water_Ocean.uasset" 729
"E:/Unreal Projects/SpaceZombies/Content/StarterContent/Textures/T_Wood_Floor_Walnut_D.uasset" 730
"E:/Unreal Projects/SpaceZombies/Content/StarterContent/Textures/T_Wood_Floor_Walnut_M.uasset" 731
"E:/Unreal Projects/SpaceZombies/Content/StarterContent/Textures/T_Wood_Floor_Walnut_N.uasset" 732
"E:/Unreal Projects/SpaceZombies/Content/StarterContent/Materials/M_Wood_Floor_Walnut_Polished.uasset" 733
"../../../Engine/Content/Functions/Engine_MaterialFunctions01/Opacity/AlphaOffset.uasset" 734
"E:/Unreal Projects/SpaceZombies/Content/StarterContent/Materials/M_Wood_Floor_Walnut_Worn.uasset" 735
"E:/Unreal Projects/SpaceZombies/Content/StarterContent/Textures/T_Wood_Oak_D.uasset" 736
"E:/Unreal Projects/SpaceZombies/Content/StarterContent/Textures/T_Wood_Oak_N.uasset" 737
"E:/Unreal Projects/SpaceZombies/Content/StarterContent/Materials/M_Wood_Oak.uasset" 738
"E:/Unreal Projects/SpaceZombies/Content/StarterContent/Textures/T_Wood_Pine_D.uasset" 739
"E:/Unreal Projects/SpaceZombies/Content/StarterContent/Textures/T_Wood_Pine_N.uasset" 740
"E:/Unreal Projects/SpaceZombies/Content/StarterContent/Materials/M_Wood_Pine.uasset" 741
"E:/Unreal Projects/SpaceZombies/Content/StarterContent/Textures/T_Wood_Walnut_D.uasset" 742
"E:/Unreal Projects/SpaceZombies/Content/StarterContent/Textures/T_Wood_Walnut_N.uasset" 743
"E:/Unreal Projects/SpaceZombies/Content/StarterContent/Materials/M_Wood_Walnut.uasset" 744
"E:/Unreal Projects/SpaceZombies/Content/StarterContent/Architecture/Wall_400x200.uasset" 745
"E:/Unreal Projects/SpaceZombies/Content/StarterContent/Architecture/Wall_Door_400x300.uasset" 746
"E:/Unreal Projects/SpaceZombies/Content/StarterContent/Architecture/Wall_Window_400x300.uasset" 747
"E:/Unreal Projects/SpaceZombies/Content/StarterContent/Audio/Collapse_Cue.uasset" 748
"E:/Unreal Projects/SpaceZombies/Content/StarterContent/Audio/Starter_Music_Cue.uasset" 749
"E:/Unreal Projects/SpaceZombies/Content/StarterContent/Textures/T_Dust_Particle_D.uasset" 750
"E:/Unreal Projects/SpaceZombies/Content/StarterContent/Particles/Materials/M_Dust_Particle.uasset" 751
"E:/Unreal Projects/SpaceZombies/Content/StarterContent/Particles/P_Ambient_Dust.uasset" 752
"E:/Unreal Projects/SpaceZombies/Content/StarterContent/Props/MaterialSphere.uasset" 753
"E:/Unreal Projects/SpaceZombies/Content/StarterContent/Textures/T_Frame_M.uasset" 754
"E:/Unreal Projects/SpaceZombies/Content/StarterContent/Textures/T_Frame_N.uasset" 755
"E:/Unreal Projects/SpaceZombies/Content/StarterContent/Props/Materials/M_Frame.uasset" 756
"E:/Unreal Projects/SpaceZombies/Content/StarterContent/Props/SM_CornerFrame.uasset" 757
"E:/Unreal Projects/SpaceZombies/Content/StarterContent/Props/SM_DoorFrame.uasset" 758
"E:/Unreal Projects/SpaceZombies/Content/StarterContent/Props/SM_GlassWindow.uasset" 759
"E:/Unreal Projects/SpaceZombies/Content/StarterContent/Props/SM_PillarFrame.uasset" 760
"E:/Unreal Projects/SpaceZombies/Content/StarterContent/Props/SM_PillarFrame300.uasset" 761
"E:/Unreal Projects/SpaceZombies/Content/StarterContent/Props/SM_WindowFrame.uasset" 762
"E:/Unreal Projects/SpaceZombies/Content/StarterContent/Shapes/Shape_Cube.uasset" 763
"E:/Unreal Projects/SpaceZombies/Content/StarterContent/Shapes/Shape_QuadPyramid.uasset" 764
"E:/Unreal Projects/SpaceZombies/Content/StarterContent/Shapes/Shape_Sphere.uasset" 765
"E:/Unreal Projects/SpaceZombies/Content/StarterContent/Maps/StarterMap.umap" 766
"../../../Engine/Content/Maps/Entry_BuiltData.uasset" 767
"../../../Engine/Content/Maps/Entry.umap" 768
